=================================================================
  QTP 消融实验：4 个并列变体
  数据集: ['mackey', 'lorenz']
  W=12  K=4  L=1  epochs=50
=================================================================

  变体对比：
  V1 Full QTP      tq ✅  bq ✅  完整模型
  V2 w/o Snapshot  tq ✅  bq ❌  切除宏观快照
  V3 w/o Time-flow tq ❌  bq ✅  切除时间流阀门
  V4 Vanilla VQC   tq ❌  bq ❌  最简基线

███████████████████████████████████████████████████████
  Dataset: mackey
███████████████████████████████████████████████████████

  ── V1_FullQTP ──
  [V1 FullQTP]      qubits:3(tq+bq+fq)  W:12  K:4  L:1  nf:1  Params:36
  Epoch   1/50 | train:0.520137  valid:0.133881
  Epoch   2/50 | train:0.062932  valid:0.042830
  Epoch   3/50 | train:0.034392  valid:0.037290
=================================================================
  QTP 消融实验：4 个并列变体
  数据集: ['mackey', 'lorenz']
  W=12  K=4  L=1  epochs=50
=================================================================

  变体对比：
  V1 Full QTP      tq ✅  bq ✅  完整模型
  V2 w/o Snapshot  tq ✅  bq ❌  切除宏观快照
  V3 w/o Time-flow tq ❌  bq ✅  切除时间流阀门
  V4 Vanilla VQC   tq ❌  bq ❌  最简基线

███████████████████████████████████████████████████████
  Dataset: mackey
███████████████████████████████████████████████████████

  ── V1_FullQTP ──
  [V1 FullQTP]      qubits:3(tq+bq+fq)  W:12  K:4  L:1  nf:1  Params:36
=================================================================
  QTP 消融实验：4 个并列变体
  数据集: ['mackey', 'lorenz']
  W=12  K=4  L=1  epochs=50
=================================================================

  变体对比：
  V1 Full QTP      tq ✅  bq ✅  完整模型
  V2 w/o Snapshot  tq ✅  bq ❌  切除宏观快照
  V3 w/o Time-flow tq ❌  bq ✅  切除时间流阀门
  V4 Vanilla VQC   tq ❌  bq ❌  最简基线

███████████████████████████████████████████████████████
  Dataset: mackey
███████████████████████████████████████████████████████

  ── V1_FullQTP ──
  [V1 FullQTP]      qubits:3(tq+bq+fq)  W:12  K:4  L:1  nf:1  Params:36
  Epoch   1/50 | train:0.520137  valid:0.133881
  Epoch   2/50 | train:0.062932  valid:0.042830
  Epoch   3/50 | train:0.034392  valid:0.037290
  Epoch   4/50 | train:0.023646  valid:0.023200
  Epoch   5/50 | train:0.016195  valid:0.008240
  Epoch   6/50 | train:0.012258  valid:0.014714
  Epoch   7/50 | train:0.009655  valid:0.010410
  Epoch   8/50 | train:0.008580  valid:0.032208
  Epoch   9/50 | train:0.012967  valid:0.006084
  Epoch  10/50 | train:0.008979  valid:0.008436
  Epoch  11/50 | train:0.007841  valid:0.005597
  Epoch  12/50 | train:0.010357  valid:0.010429
  Epoch  13/50 | train:0.010376  valid:0.011394
  Epoch  14/50 | train:0.005917  valid:0.004588
  Epoch  15/50 | train:0.006833  valid:0.005963
  Epoch  16/50 | train:0.006013  valid:0.007474
  Epoch  17/50 | train:0.008891  valid:0.007061
  Epoch  18/50 | train:0.005984  valid:0.003614
  Epoch  19/50 | train:0.006044  valid:0.005818
  Epoch  20/50 | train:0.004624  valid:0.007948
  Epoch  21/50 | train:0.005541  valid:0.007295
  Epoch  22/50 | train:0.004346  valid:0.002389
  Epoch  23/50 | train:0.008781  valid:0.005934
  Epoch  24/50 | train:0.005748  valid:0.004088
  Epoch  25/50 | train:0.003771  valid:0.012719
  Epoch  26/50 | train:0.004245  valid:0.004325
  Epoch  27/50 | train:0.004533  valid:0.002276
  Epoch  28/50 | train:0.004754  valid:0.005324
  Epoch  29/50 | train:0.005111  valid:0.003441
  Epoch  30/50 | train:0.004271  valid:0.008883
  Epoch  31/50 | train:0.004349  valid:0.003549
  Epoch  32/50 | train:0.003427  valid:0.003647
  Epoch  33/50 | train:0.004479  valid:0.008149
  Epoch  34/50 | train:0.004846  valid:0.005171
  Epoch  35/50 | train:0.004662  valid:0.005342
  Epoch  36/50 | train:0.004256  valid:0.003715
  Epoch  37/50 | train:0.003664  valid:0.002546
  Early stopping at epoch 37.
  Best valid MSE: 0.002276
  [V1_FullQTP  ] [mackey]  MAE:0.049567  MSE:0.004843  RMSE:0.069594  R²:0.995021  Params:36

  ── V2_NoSnapshot ──
  [V2 NoSnapshot]   qubits:2(tq+fq, no bq)  W:12  K:4  L:1  nf:1  Params:28
  Epoch   1/50 | train:0.924481  valid:0.359358
  Epoch   2/50 | train:0.208292  valid:0.093614
  Epoch   3/50 | train:0.065613  valid:0.049090
  Epoch   4/50 | train:0.037789  valid:0.065607
  Epoch   5/50 | train:0.030371  valid:0.015955
  Epoch   6/50 | train:0.026030  valid:0.014188
  Epoch   7/50 | train:0.025930  valid:0.038388
  Epoch   8/50 | train:0.022916  valid:0.037126
  Epoch   9/50 | train:0.022421  valid:0.032575
  Epoch  10/50 | train:0.027110  valid:0.020590
  Epoch  11/50 | train:0.019470  valid:0.024566
  Epoch  12/50 | train:0.027770  valid:0.022496
  Epoch  13/50 | train:0.028688  valid:0.014112
  Epoch  14/50 | train:0.017759  valid:0.011639
  Epoch  15/50 | train:0.024730  valid:0.027169
  Epoch  16/50 | train:0.021010  valid:0.013148
  Epoch  17/50 | train:0.017514  valid:0.015962
  Epoch  18/50 | train:0.014029  valid:0.022860
  Epoch  19/50 | train:0.018914  valid:0.012493
  Epoch  20/50 | train:0.015724  valid:0.029286
  Epoch  21/50 | train:0.019920  valid:0.055693
  Epoch  22/50 | train:0.026737  valid:0.013990
  Epoch  23/50 | train:0.020363  valid:0.020547
  Epoch  24/50 | train:0.016333  valid:0.015341
  Early stopping at epoch 24.
  Best valid MSE: 0.011639
  [V2_NoSnapshot] [mackey]  MAE:0.113938  MSE:0.022148  RMSE:0.148823  R²:0.977230  Params:28

  ── V3_NoTimeflow ──
  [V3 NoTimeflow]   qubits:2(bq+fq, no tq)  W:12  K:4  L:1  nf:1  Params:12
  Epoch   1/50 | train:1.014554  valid:0.752450
  Epoch   2/50 | train:0.886556  valid:0.887654
  Epoch   3/50 | train:0.686299  valid:1.100445
  Epoch   4/50 | train:0.666603  valid:1.052100
  Epoch   5/50 | train:0.672106  valid:1.062749
  Epoch   6/50 | train:0.666749  valid:1.060346
  Epoch   7/50 | train:0.654502  valid:1.109872
  Epoch   8/50 | train:0.664825  valid:1.024072
  Epoch   9/50 | train:0.666661  valid:1.134994
  Epoch  10/50 | train:0.659383  valid:1.130864
  Epoch  11/50 | train:0.657370  valid:1.107877
  Early stopping at epoch 11.
  Best valid MSE: 0.752450
  [V3_NoTimeflow] [mackey]  MAE:0.838185  MSE:0.980095  RMSE:0.989997  R²:-0.007606  Params:12

  ── V4_VanillaVQC ──
  [V4 VanillaVQC]   qubits:1(fq only)  W:12  L:1  nf:1  Params:4
  Epoch   1/50 | train:1.022217  valid:0.755115
  Epoch   2/50 | train:1.047523  valid:0.765789
  Epoch   3/50 | train:1.021322  valid:0.806407
  Epoch   4/50 | train:1.020555  valid:0.774583
  Epoch   5/50 | train:1.017690  valid:0.855408
  Epoch   6/50 | train:1.034170  valid:0.765538
  Epoch   7/50 | train:1.014081  valid:0.777908
  Epoch   8/50 | train:1.014684  valid:0.801608
  Epoch   9/50 | train:1.031829  valid:0.782436
  Epoch  10/50 | train:1.015391  valid:0.768543
  Epoch  11/50 | train:1.013367  valid:0.764336
  Early stopping at epoch 11.
  Best valid MSE: 0.755115
  [V4_VanillaVQC] [mackey]  MAE:0.837291  MSE:1.006212  RMSE:1.003101  R²:-0.034456  Params:4

███████████████████████████████████████████████████████
  Dataset: lorenz
███████████████████████████████████████████████████████

  ── V1_FullQTP ──
  [V1 FullQTP]      qubits:4(tq+bq+fq)  W:12  K:4  L:1  nf:2  Params:60
  Epoch   1/50 | train:0.637368  valid:0.287833
  Epoch   2/50 | train:0.273475  valid:0.101124
  Epoch   3/50 | train:0.151634  valid:0.082635
  Epoch   4/50 | train:0.103847  valid:0.053038
  Epoch   5/50 | train:0.088356  valid:0.053682
  Epoch   6/50 | train:0.057798  valid:0.037512
  Epoch   7/50 | train:0.047602  valid:0.038294
  Epoch   8/50 | train:0.042689  valid:0.044513
  Epoch   9/50 | train:0.043298  valid:0.024687
  Epoch  10/50 | train:0.035715  valid:0.029073
  Epoch  11/50 | train:0.037399  valid:0.036961
  Epoch  12/50 | train:0.036962  valid:0.027143
  Epoch  13/50 | train:0.033285  valid:0.050363
  Epoch  14/50 | train:0.040942  valid:0.045965
  Epoch  15/50 | train:0.042716  valid:0.033267
  Epoch  16/50 | train:0.034351  valid:0.019657
  Epoch  17/50 | train:0.037234  valid:0.027003
  Epoch  18/50 | train:0.034181  valid:0.024567
  Epoch  19/50 | train:0.046970  valid:0.040816
  Epoch  20/50 | train:0.036429  valid:0.029330
  Epoch  21/50 | train:0.033363  valid:0.020566
  Epoch  22/50 | train:0.027781  valid:0.063571
  Epoch  23/50 | train:0.050378  valid:0.043359
  Epoch  24/50 | train:0.039263  valid:0.052178
  Epoch  25/50 | train:0.031697  valid:0.020095
  Epoch  26/50 | train:0.033973  valid:0.016049
  Epoch  27/50 | train:0.030482  valid:0.043064
  Epoch  28/50 | train:0.037972  valid:0.025124
  Epoch  29/50 | train:0.035406  valid:0.028817
  Epoch  30/50 | train:0.029356  valid:0.020837
  Epoch  31/50 | train:0.030015  valid:0.025923
  Epoch  32/50 | train:0.046813  valid:0.044742
  Epoch  33/50 | train:0.038418  valid:0.023990
  Epoch  34/50 | train:0.030900  valid:0.021704
  Epoch  35/50 | train:0.035336  valid:0.017703
  Epoch  36/50 | train:0.034186  valid:0.040359
  Early stopping at epoch 36.
  Best valid MSE: 0.016049
  [V1_FullQTP  ] [lorenz]  MAE:0.107992  MSE:0.019148  RMSE:0.138377  R²:0.981882  Params:60

  ── V2_NoSnapshot ──
  [V2 NoSnapshot]   qubits:3(tq+fq, no bq)  W:12  K:4  L:1  nf:2  Params:44
  Epoch   1/50 | train:0.520908  valid:0.229286
  Epoch   2/50 | train:0.241063  valid:0.152956
  Epoch   3/50 | train:0.159463  valid:0.084570
  Epoch   4/50 | train:0.120366  valid:0.077607
  Epoch   5/50 | train:0.119284  valid:0.083636
  Epoch   6/50 | train:0.131066  valid:0.098410
  Epoch   7/50 | train:0.122712  valid:0.073477
  Epoch   8/50 | train:0.117016  valid:0.088778
  Epoch   9/50 | train:0.110669  valid:0.062123
  Epoch  10/50 | train:0.106534  valid:0.079668
  Epoch  11/50 | train:0.107251  valid:0.068711
  Epoch  12/50 | train:0.101261  valid:0.113677
  Epoch  13/50 | train:0.124985  valid:0.122754
  Epoch  14/50 | train:0.122533  valid:0.094858
  Epoch  15/50 | train:0.100345  valid:0.102598
  Epoch  16/50 | train:0.105720  valid:0.070642
  Epoch  17/50 | train:0.104399  valid:0.074111
  Epoch  18/50 | train:0.108948  valid:0.075877
  Epoch  19/50 | train:0.104499  valid:0.104335
  Early stopping at epoch 19.
  Best valid MSE: 0.062123
  [V2_NoSnapshot] [lorenz]  MAE:0.204874  MSE:0.073648  RMSE:0.271382  R²:0.930312  Params:44

  ── V3_NoTimeflow ──
  [V3 NoTimeflow]   qubits:3(bq+fq, no tq)  W:12  K:4  L:1  nf:2  Params:24
  Epoch   1/50 | train:0.953784  valid:1.036168
  Epoch   2/50 | train:0.882335  valid:1.031364
  Epoch   3/50 | train:0.837921  valid:0.983336
  Epoch   4/50 | train:0.829588  valid:0.986653
  Epoch   5/50 | train:0.813267  valid:0.923340
  Epoch   6/50 | train:0.781728  valid:0.917175
  Epoch   7/50 | train:0.783960  valid:0.884982
  Epoch   8/50 | train:0.780726  valid:0.906761
  Epoch   9/50 | train:0.784616  valid:0.892761
  Epoch  10/50 | train:0.768629  valid:0.877403
  Epoch  11/50 | train:0.778917  valid:0.885916
  Epoch  12/50 | train:0.768324  valid:0.847289
  Epoch  13/50 | train:0.758683  valid:0.854883
  Epoch  14/50 | train:0.744044  valid:0.809533
  Epoch  15/50 | train:0.740540  valid:0.801075
  Epoch  16/50 | train:0.738058  valid:0.824083
  Epoch  17/50 | train:0.746198  valid:0.777940
  Epoch  18/50 | train:0.745440  valid:0.774976
  Epoch  19/50 | train:0.757602  valid:0.788106
  Epoch  20/50 | train:0.749782  valid:0.787805
  Epoch  21/50 | train:0.762382  valid:0.837092
  Epoch  22/50 | train:0.755905  valid:0.849511
  Epoch  23/50 | train:0.750259  valid:0.753177
  Epoch  24/50 | train:0.747513  valid:0.800364
  Epoch  25/50 | train:0.751573  valid:0.771912
  Epoch  26/50 | train:0.749097  valid:0.836221
  Epoch  27/50 | train:0.743014  valid:0.791253
  Epoch  28/50 | train:0.740073  valid:0.767893
  Epoch  29/50 | train:0.746188  valid:0.766044
  Epoch  30/50 | train:0.746592  valid:0.797262
  Epoch  31/50 | train:0.748755  valid:0.791202
  Epoch  32/50 | train:0.740619  valid:0.767662
  Epoch  33/50 | train:0.738285  valid:0.800530
  Early stopping at epoch 33.
  Best valid MSE: 0.753177
  [V3_NoTimeflow] [lorenz]  MAE:0.720990  MSE:0.789786  RMSE:0.888699  R²:0.252689  Params:24

  ── V4_VanillaVQC ──
  [V4 VanillaVQC]   qubits:2(fq only)  W:12  L:1  nf:2  Params:8
  Epoch   1/50 | train:0.968008  valid:1.075366
  Epoch   2/50 | train:0.963535  valid:1.112737
  Epoch   3/50 | train:0.958670  valid:1.155440
  Epoch   4/50 | train:0.957812  valid:1.141107
  Epoch   5/50 | train:0.963936  valid:1.092300
  Epoch   6/50 | train:0.952215  valid:1.118994
  Epoch   7/50 | train:0.949381  valid:1.083450
  Epoch   8/50 | train:0.949457  valid:1.076462
  Epoch   9/50 | train:0.970316  valid:1.099189
  Epoch  10/50 | train:0.938640  valid:1.093541
  Epoch  11/50 | train:0.954711  valid:1.091561
  Early stopping at epoch 11.
  Best valid MSE: 1.075366
  [V4_VanillaVQC] [lorenz]  MAE:0.868977  MSE:1.025030  RMSE:1.012438  R²:0.030095  Params:8

══════════════════════════════════════════════════════════════════════
  消融实验汇总
══════════════════════════════════════════════════════════════════════
  Variant                    R²_mackey     R²_lorenz    Params
  ────────────────────────────────────────────────────────────
  V1_FullQTP                  0.995021      0.981882        36
  V2_NoSnapshot               0.977230      0.930312        28
  V3_NoTimeflow              -0.007606      0.252689        12
  V4_VanillaVQC              -0.034456      0.030095         4
  Figure saved → ./result/ablation/ablation_comparison.png
  Figure saved → ./result/ablation/ablation_contribution.png

  消融实验完成 → ./result/ablation/
